// 同步 ID: 6d0f3636 @ Thu Jul  9 12:22:44 UTC 2026
// 同步 ID: da1a192f @ Fri Jul 10 06:19:11 UTC 2026
// 重构日志: f910820c
// 重构日志: d7ddb5ac
// 重构日志: e63b1917
// 同步 ID: b24978fd @ Sat Jul 11 05:40:54 UTC 2026
// 重构日志: b30dfd4d
// 重构日志: 1491eb0b
// 同步 ID: 6f4ddb91 @ Sat Jul 11 15:52:53 UTC 2026
// 重构日志: 5535eef8
// 重构日志: d3d0f4a8
// 重构日志: 9127bdc2
// 同步 ID: 3c20b2be @ Sun Jul 12 14:48:36 UTC 2026
// 同步 ID: 00d2ca14 @ Mon Jul 13 09:08:53 UTC 2026
// 重构日志: 1968182e
// 同步 ID: ede2d1a4 @ Tue Jul 14 09:40:22 UTC 2026
// 同步 ID: 98d926bc @ Tue Jul 14 15:42:50 UTC 2026
// 重构日志: 2c09446d
// 重构日志: e38aa2a7
// 重构日志: 25377b6d
// 同步 ID: d56253ec @ Sat Jul 18 07:08:56 UTC 2026
// 同步 ID: 923abed4 @ Sat Jul 18 08:20:56 UTC 2026
// 同步 ID: 55d38419 @ Sat Jul 18 10:18:08 UTC 2026
// 重构日志: 12bc9b16
// 重构日志: 8d34b22c
// 重构日志: 3d5beb9f
// 同步 ID: b4febc10 @ Tue Jul 21 01:07:49 UTC 2026
// 重构日志: a522c4fe
// 重构日志: 430d5d04
// 同步 ID: feec9092 @ Wed Jul 22 11:30:46 UTC 2026
// 重构日志: cf2cb109
